This is pdfTeX, Version 3.1415926-2.5-1.40.14 (MiKTeX 2.9) (preloaded format=pdflatex 2014.6.2)  14 FEB 2016 01:41
entering extended mode
**ModelForHistoneSlidingChromatinStructurePostUVC.tex

(D:\Ofir\ENS\EpigenomeIntegrity\Documents\Article\ModelForHistoneSlidingChromat
inStructurePostUVC.tex
LaTeX2e <2011/06/27>
Babel <v3.8m> and hyphenation patterns for english, afrikaans, ancientgreek, ar
abic, armenian, assamese, basque, bengali, bokmal, bulgarian, catalan, coptic, 
croatian, czech, danish, dutch, esperanto, estonian, farsi, finnish, french, ga
lician, german, german-x-2013-05-26, greek, gujarati, hindi, hungarian, iceland
ic, indonesian, interlingua, irish, italian, kannada, kurmanji, latin, latvian,
 lithuanian, malayalam, marathi, mongolian, mongolianlmc, monogreek, ngerman, n
german-x-2013-05-26, nynorsk, oriya, panjabi, pinyin, polish, portuguese, roman
ian, russian, sanskrit, serbian, slovak, slovenian, spanish, swedish, swissgerm
an, tamil, telugu, turkish, turkmen, ukenglish, ukrainian, uppersorbian, usengl
ishmax, welsh, loaded.
("d:\Program Files (x86)\MiKTeX 2.9\tex\latex\base\article.cls"
Document Class: article 2007/10/19 v1.4h Standard LaTeX document class
("d:\Program Files (x86)\MiKTeX 2.9\tex\latex\base\size12.clo"
File: size12.clo 2007/10/19 v1.4h Standard LaTeX file (size option)
)
\c@part=\count79
\c@section=\count80
\c@subsection=\count81
\c@subsubsection=\count82
\c@paragraph=\count83
\c@subparagraph=\count84
\c@figure=\count85
\c@table=\count86
\abovecaptionskip=\skip41
\belowcaptionskip=\skip42
\bibindent=\dimen102
)
("d:\Program Files (x86)\MiKTeX 2.9\tex\latex\amsmath\amsmath.sty"
Package: amsmath 2013/01/14 v2.14 AMS math features
\@mathmargin=\skip43

For additional information on amsmath, use the `?' option.
("d:\Program Files (x86)\MiKTeX 2.9\tex\latex\amsmath\amstext.sty"
Package: amstext 2000/06/29 v2.01

("d:\Program Files (x86)\MiKTeX 2.9\tex\latex\amsmath\amsgen.sty"
File: amsgen.sty 1999/11/30 v2.0
\@emptytoks=\toks14
\ex@=\dimen103
))
("d:\Program Files (x86)\MiKTeX 2.9\tex\latex\amsmath\amsbsy.sty"
Package: amsbsy 1999/11/29 v1.2d
\pmbraise@=\dimen104
)
("d:\Program Files (x86)\MiKTeX 2.9\tex\latex\amsmath\amsopn.sty"
Package: amsopn 1999/12/14 v2.01 operator names
)
\inf@bad=\count87
LaTeX Info: Redefining \frac on input line 210.
\uproot@=\count88
\leftroot@=\count89
LaTeX Info: Redefining \overline on input line 306.
\classnum@=\count90
\DOTSCASE@=\count91
LaTeX Info: Redefining \ldots on input line 378.
LaTeX Info: Redefining \dots on input line 381.
LaTeX Info: Redefining \cdots on input line 466.
\Mathstrutbox@=\box26
\strutbox@=\box27
\big@size=\dimen105
LaTeX Font Info:    Redeclaring font encoding OML on input line 566.
LaTeX Font Info:    Redeclaring font encoding OMS on input line 567.
\macc@depth=\count92
\c@MaxMatrixCols=\count93
\dotsspace@=\muskip10
\c@parentequation=\count94
\dspbrk@lvl=\count95
\tag@help=\toks15
\row@=\count96
\column@=\count97
\maxfields@=\count98
\andhelp@=\toks16
\eqnshift@=\dimen106
\alignsep@=\dimen107
\tagshift@=\dimen108
\tagwidth@=\dimen109
\totwidth@=\dimen110
\lineht@=\dimen111
\@envbody=\toks17
\multlinegap=\skip44
\multlinetaggap=\skip45
\mathdisplay@stack=\toks18
LaTeX Info: Redefining \[ on input line 2665.
LaTeX Info: Redefining \] on input line 2666.
)
("d:\Program Files (x86)\MiKTeX 2.9\tex\latex\amsfonts\amssymb.sty"
Package: amssymb 2013/01/14 v3.01 AMS font symbols

("d:\Program Files (x86)\MiKTeX 2.9\tex\latex\amsfonts\amsfonts.sty"
Package: amsfonts 2013/01/14 v3.01 Basic AMSFonts support
\symAMSa=\mathgroup4
\symAMSb=\mathgroup5
LaTeX Font Info:    Overwriting math alphabet `\mathfrak' in version `bold'
(Font)                  U/euf/m/n --> U/euf/b/n on input line 106.
))
("d:\Program Files (x86)\MiKTeX 2.9\tex\latex\graphics\graphicx.sty"
Package: graphicx 1999/02/16 v1.0f Enhanced LaTeX Graphics (DPC,SPQR)

("d:\Program Files (x86)\MiKTeX 2.9\tex\latex\graphics\keyval.sty"
Package: keyval 1999/03/16 v1.13 key=value parser (DPC)
\KV@toks@=\toks19
)
("d:\Program Files (x86)\MiKTeX 2.9\tex\latex\graphics\graphics.sty"
Package: graphics 2009/02/05 v1.0o Standard LaTeX Graphics (DPC,SPQR)

("d:\Program Files (x86)\MiKTeX 2.9\tex\latex\graphics\trig.sty"
Package: trig 1999/03/16 v1.09 sin cos tan (DPC)
)
("d:\Program Files (x86)\MiKTeX 2.9\tex\latex\00miktex\graphics.cfg"
File: graphics.cfg 2007/01/18 v1.5 graphics configuration of teTeX/TeXLive
)
Package graphics Info: Driver file: pdftex.def on input line 91.

("d:\Program Files (x86)\MiKTeX 2.9\tex\latex\pdftex-def\pdftex.def"
File: pdftex.def 2011/05/27 v0.06d Graphics/color for pdfTeX

("d:\Program Files (x86)\MiKTeX 2.9\tex\generic\oberdiek\infwarerr.sty"
Package: infwarerr 2010/04/08 v1.3 Providing info/warning/error messages (HO)
)
("d:\Program Files (x86)\MiKTeX 2.9\tex\generic\oberdiek\ltxcmds.sty"
Package: ltxcmds 2011/11/09 v1.22 LaTeX kernel commands for general use (HO)
)
\Gread@gobject=\count99
))
\Gin@req@height=\dimen112
\Gin@req@width=\dimen113
)
("d:\Program Files (x86)\MiKTeX 2.9\tex\latex\graphics\color.sty"
Package: color 2005/11/14 v1.0j Standard LaTeX Color (DPC)

("d:\Program Files (x86)\MiKTeX 2.9\tex\latex\00miktex\color.cfg"
File: color.cfg 2007/01/18 v1.5 color configuration of teTeX/TeXLive
)
Package color Info: Driver file: pdftex.def on input line 130.
)
("d:\Program Files (x86)\MiKTeX 2.9\tex\latex\float\float.sty"
Package: float 2001/11/08 v1.3d Float enhancements (AL)
\c@float@type=\count100
\float@exts=\toks20
\float@box=\box28
\@float@everytoks=\toks21
\@floatcapt=\box29
)
(D:\Ofir\ENS\EpigenomeIntegrity\Documents\Article\ModelForHistoneSlidingChromat
inStructurePostUVC.aux)
LaTeX Font Info:    Checking defaults for OML/cmm/m/it on input line 7.
LaTeX Font Info:    ... okay on input line 7.
LaTeX Font Info:    Checking defaults for T1/cmr/m/n on input line 7.
LaTeX Font Info:    ... okay on input line 7.
LaTeX Font Info:    Checking defaults for OT1/cmr/m/n on input line 7.
LaTeX Font Info:    ... okay on input line 7.
LaTeX Font Info:    Checking defaults for OMS/cmsy/m/n on input line 7.
LaTeX Font Info:    ... okay on input line 7.
LaTeX Font Info:    Checking defaults for OMX/cmex/m/n on input line 7.
LaTeX Font Info:    ... okay on input line 7.
LaTeX Font Info:    Checking defaults for U/cmr/m/n on input line 7.
LaTeX Font Info:    ... okay on input line 7.

(C:\Users\Ofir\AppData\Roaming\MiKTeX\2.9\tex\context\base\supp-pdf.mkii
[Loading MPS to PDF converter (version 2006.09.02).]
\scratchcounter=\count101
\scratchdimen=\dimen114
\scratchbox=\box30
\nofMPsegments=\count102
\nofMParguments=\count103
\everyMPshowfont=\toks22
\MPscratchCnt=\count104
\MPscratchDim=\dimen115
\MPnumerator=\count105
\makeMPintoPDFobject=\count106
\everyMPtoPDFconversion=\toks23
)
LaTeX Font Info:    Try loading font information for U+msa on input line 9.
 ("d:\Program Files (x86)\MiKTeX 2.9\tex\latex\amsfonts\umsa.fd"
File: umsa.fd 2013/01/14 v3.01 AMS symbols A
)
LaTeX Font Info:    Try loading font information for U+msb on input line 9.

("d:\Program Files (x86)\MiKTeX 2.9\tex\latex\amsfonts\umsb.fd"
File: umsb.fd 2013/01/14 v3.01 AMS symbols B
)

LaTeX Warning: No \author given.

[1

{C:/Users/Ofir/AppData/Local/MiKTeX/2.9/pdftex/config/pdftex.map}]
Overfull \hbox (1.17616pt too wide) in paragraph at lines 40--40
[]\OT1/cmr/bx/n/14.4 Modeling nu-cle-o-somes and DNA re-dis-tri-bu-tion fol-
 []

<ExperimentalProcedure.jpg, id=8, 722.7pt x 542.025pt>
File: ExperimentalProcedure.jpg Graphic file (type jpg)

<use ExperimentalProcedure.jpg>
Package pdftex.def Info: ExperimentalProcedure.jpg used on input line 43.
(pdftex.def)             Requested size: 272.99678pt x 219.39485pt.
 [2] [3 <D:/Ofir/ENS/EpigenomeIntegrity/Documents/Article/ExperimentalProcedure
.jpg>]
Overfull \hbox (7.54552pt too wide) in paragraph at lines 52--53
\OT1/cmr/m/n/12 with no ad-di-tional DNA sig-nal loss. Re-pair pro-teins slide 
nu-cle-o-somes wrapped
 []

[4] [5]
Overfull \hbox (9.5812pt too wide) in paragraph at lines 126--126
[]\OT1/cmr/bx/n/14.4 Relative con-tri-bu-tion of open-ing and slid-ing to DNA
 []

[6] [7] [8] [9] <threeStagesOfSimulation.jpg, id=45, 963.6pt x 542.025pt>
File: threeStagesOfSimulation.jpg Graphic file (type jpg)

<use threeStagesOfSimulation.jpg>
Package pdftex.def Info: threeStagesOfSimulation.jpg used on input line 209.
(pdftex.def)             Requested size: 350.99797pt x 191.97774pt.
Missing character: There is no â in font cmr12!
Missing character: There is no € in font cmr12!
Missing character: There is no ™ in font cmr12!
Missing character: There is no â in font cmr12!
Missing character: There is no € in font cmr12!
Missing character: There is no ™ in font cmr12!
 [10 <D:/Ofir/ENS/EpigenomeIntegrity/Documents/Article/threeStagesOfSimulation.
jpg>]
<histoneAndDnaVsUvDoseModelFit.jpg, id=49, 1686.3pt x 938.50626pt>
File: histoneAndDnaVsUvDoseModelFit.jpg Graphic file (type jpg)

<use histoneAndDnaVsUvDoseModelFit.jpg>
Package pdftex.def Info: histoneAndDnaVsUvDoseModelFit.jpg used on input line 2
27.
(pdftex.def)             Requested size: 194.98825pt x 164.54178pt.
 [11]
<relatiiveContributionToDNALoss.jpg, id=53, 1686.3pt x 895.345pt>
File: relatiiveContributionToDNALoss.jpg Graphic file (type jpg)

<use relatiiveContributionToDNALoss.jpg>
Package pdftex.def Info: relatiiveContributionToDNALoss.jpg used on input line 
246.
(pdftex.def)             Requested size: 194.98825pt x 164.54327pt.

<relativeContributionToHistoneLoss.jpg, id=54, 1686.3pt x 895.345pt>
File: relativeContributionToHistoneLoss.jpg Graphic file (type jpg)

<use relativeContributionToHistoneLoss.jpg>
Package pdftex.def Info: relativeContributionToHistoneLoss.jpg used on input li
ne 247.
(pdftex.def)             Requested size: 194.98825pt x 164.54327pt.

Overfull \hbox (2.58759pt too wide) in paragraph at lines 246--248
[][] [] 
 []


(D:\Ofir\ENS\EpigenomeIntegrity\Documents\Article\ModelForHistoneSlidingChromat
inStructurePostUVC.bbl [12 <D:/Ofir/ENS/EpigenomeIntegrity/Documents/Article/hi
stoneAndDnaVsUvDoseModelFit.jpg>] [13 <D:/Ofir/ENS/EpigenomeIntegrity/Documents
/Article/relatiiveContributionToDNALoss.jpg> <D:/Ofir/ENS/EpigenomeIntegrity/Do
cuments/Article/relativeContributionToHistoneLoss.jpg>]) [14]
(D:\Ofir\ENS\EpigenomeIntegrity\Documents\Article\ModelForHistoneSlidingChromat
inStructurePostUVC.aux) ) 
Here is how much of TeX's memory you used:
 2205 strings out of 493921
 29025 string characters out of 3144880
 83295 words of memory out of 3000000
 5482 multiletter control sequences out of 15000+200000
 15952 words of font info for 61 fonts, out of 3000000 for 9000
 841 hyphenation exceptions out of 8191
 27i,12n,26p,1878b,272s stack positions out of 5000i,500n,10000p,200000b,50000s
<d:/Program Files (x86)/MiKTeX 2.9/fonts/type1/public/
amsfonts/cm/cmbx10.pfb><d:/Program Files (x86)/MiKTeX 2.9/fonts/type1/public/am
sfonts/cm/cmbx12.pfb><d:/Program Files (x86)/MiKTeX 2.9/fonts/type1/public/amsf
onts/cm/cmex10.pfb><d:/Program Files (x86)/MiKTeX 2.9/fonts/type1/public/amsfon
ts/cm/cmmi10.pfb><d:/Program Files (x86)/MiKTeX 2.9/fonts/type1/public/amsfonts
/cm/cmmi12.pfb><d:/Program Files (x86)/MiKTeX 2.9/fonts/type1/public/amsfonts/c
m/cmmi6.pfb><d:/Program Files (x86)/MiKTeX 2.9/fonts/type1/public/amsfonts/cm/c
mmi8.pfb><d:/Program Files (x86)/MiKTeX 2.9/fonts/type1/public/amsfonts/cm/cmr1
0.pfb><d:/Program Files (x86)/MiKTeX 2.9/fonts/type1/public/amsfonts/cm/cmr12.p
fb><d:/Program Files (x86)/MiKTeX 2.9/fonts/type1/public/amsfonts/cm/cmr17.pfb>
<d:/Program Files (x86)/MiKTeX 2.9/fonts/type1/public/amsfonts/cm/cmr8.pfb><d:/
Program Files (x86)/MiKTeX 2.9/fonts/type1/public/amsfonts/cm/cmsy10.pfb><d:/Pr
ogram Files (x86)/MiKTeX 2.9/fonts/type1/public/amsfonts/cm/cmsy8.pfb><d:/Progr
am Files (x86)/MiKTeX 2.9/fonts/type1/public/amsfonts/cm/cmti12.pfb>
Output written on ModelForHistoneSlidingChromatinStructurePostUVC.pdf (14 pages
, 838507 bytes).
PDF statistics:
 109 PDF objects out of 1000 (max. 8388607)
 0 named destinations out of 1000 (max. 500000)
 26 words of extra memory for PDF output out of 10000 (max. 10000000)

