This is pdfTeX, Version 3.1415926-2.5-1.40.14 (MiKTeX 2.9) (preloaded format=pdflatex 2014.6.2)  20 SEP 2015 21:29
entering extended mode
**ChromatinArchitecturePostUVCDamage.tex

(D:\Ofir\ENS\EpigenomeIntegrity\Documents\Report\ChromatinArchitecturePostUVCDa
mage.tex
LaTeX2e <2011/06/27>
Babel <v3.8m> and hyphenation patterns for english, afrikaans, ancientgreek, ar
abic, armenian, assamese, basque, bengali, bokmal, bulgarian, catalan, coptic, 
croatian, czech, danish, dutch, esperanto, estonian, farsi, finnish, french, ga
lician, german, german-x-2013-05-26, greek, gujarati, hindi, hungarian, iceland
ic, indonesian, interlingua, irish, italian, kannada, kurmanji, latin, latvian,
 lithuanian, malayalam, marathi, mongolian, mongolianlmc, monogreek, ngerman, n
german-x-2013-05-26, nynorsk, oriya, panjabi, pinyin, polish, portuguese, roman
ian, russian, sanskrit, serbian, slovak, slovenian, spanish, swedish, swissgerm
an, tamil, telugu, turkish, turkmen, ukenglish, ukrainian, uppersorbian, usengl
ishmax, welsh, loaded.
("d:\Program Files (x86)\MiKTeX 2.9\tex\latex\base\report.cls"
Document Class: report 2007/10/19 v1.4h Standard LaTeX document class
("d:\Program Files (x86)\MiKTeX 2.9\tex\latex\base\size12.clo"
File: size12.clo 2007/10/19 v1.4h Standard LaTeX file (size option)
)
\c@part=\count79
\c@chapter=\count80
\c@section=\count81
\c@subsection=\count82
\c@subsubsection=\count83
\c@paragraph=\count84
\c@subparagraph=\count85
\c@figure=\count86
\c@table=\count87
\abovecaptionskip=\skip41
\belowcaptionskip=\skip42
\bibindent=\dimen102
)
("d:\Program Files (x86)\MiKTeX 2.9\tex\latex\amsmath\amsmath.sty"
Package: amsmath 2013/01/14 v2.14 AMS math features
\@mathmargin=\skip43

For additional information on amsmath, use the `?' option.
("d:\Program Files (x86)\MiKTeX 2.9\tex\latex\amsmath\amstext.sty"
Package: amstext 2000/06/29 v2.01

("d:\Program Files (x86)\MiKTeX 2.9\tex\latex\amsmath\amsgen.sty"
File: amsgen.sty 1999/11/30 v2.0
\@emptytoks=\toks14
\ex@=\dimen103
))
("d:\Program Files (x86)\MiKTeX 2.9\tex\latex\amsmath\amsbsy.sty"
Package: amsbsy 1999/11/29 v1.2d
\pmbraise@=\dimen104
)
("d:\Program Files (x86)\MiKTeX 2.9\tex\latex\amsmath\amsopn.sty"
Package: amsopn 1999/12/14 v2.01 operator names
)
\inf@bad=\count88
LaTeX Info: Redefining \frac on input line 210.
\uproot@=\count89
\leftroot@=\count90
LaTeX Info: Redefining \overline on input line 306.
\classnum@=\count91
\DOTSCASE@=\count92
LaTeX Info: Redefining \ldots on input line 378.
LaTeX Info: Redefining \dots on input line 381.
LaTeX Info: Redefining \cdots on input line 466.
\Mathstrutbox@=\box26
\strutbox@=\box27
\big@size=\dimen105
LaTeX Font Info:    Redeclaring font encoding OML on input line 566.
LaTeX Font Info:    Redeclaring font encoding OMS on input line 567.
\macc@depth=\count93
\c@MaxMatrixCols=\count94
\dotsspace@=\muskip10
\c@parentequation=\count95
\dspbrk@lvl=\count96
\tag@help=\toks15
\row@=\count97
\column@=\count98
\maxfields@=\count99
\andhelp@=\toks16
\eqnshift@=\dimen106
\alignsep@=\dimen107
\tagshift@=\dimen108
\tagwidth@=\dimen109
\totwidth@=\dimen110
\lineht@=\dimen111
\@envbody=\toks17
\multlinegap=\skip44
\multlinetaggap=\skip45
\mathdisplay@stack=\toks18
LaTeX Info: Redefining \[ on input line 2665.
LaTeX Info: Redefining \] on input line 2666.
)
("d:\Program Files (x86)\MiKTeX 2.9\tex\latex\amsfonts\amssymb.sty"
Package: amssymb 2013/01/14 v3.01 AMS font symbols

("d:\Program Files (x86)\MiKTeX 2.9\tex\latex\amsfonts\amsfonts.sty"
Package: amsfonts 2013/01/14 v3.01 Basic AMSFonts support
\symAMSa=\mathgroup4
\symAMSb=\mathgroup5
LaTeX Font Info:    Overwriting math alphabet `\mathfrak' in version `bold'
(Font)                  U/euf/m/n --> U/euf/b/n on input line 106.
))
("d:\Program Files (x86)\MiKTeX 2.9\tex\latex\graphics\graphicx.sty"
Package: graphicx 1999/02/16 v1.0f Enhanced LaTeX Graphics (DPC,SPQR)

("d:\Program Files (x86)\MiKTeX 2.9\tex\latex\graphics\keyval.sty"
Package: keyval 1999/03/16 v1.13 key=value parser (DPC)
\KV@toks@=\toks19
)
("d:\Program Files (x86)\MiKTeX 2.9\tex\latex\graphics\graphics.sty"
Package: graphics 2009/02/05 v1.0o Standard LaTeX Graphics (DPC,SPQR)

("d:\Program Files (x86)\MiKTeX 2.9\tex\latex\graphics\trig.sty"
Package: trig 1999/03/16 v1.09 sin cos tan (DPC)
)
("d:\Program Files (x86)\MiKTeX 2.9\tex\latex\00miktex\graphics.cfg"
File: graphics.cfg 2007/01/18 v1.5 graphics configuration of teTeX/TeXLive
)
Package graphics Info: Driver file: pdftex.def on input line 91.

("d:\Program Files (x86)\MiKTeX 2.9\tex\latex\pdftex-def\pdftex.def"
File: pdftex.def 2011/05/27 v0.06d Graphics/color for pdfTeX

("d:\Program Files (x86)\MiKTeX 2.9\tex\generic\oberdiek\infwarerr.sty"
Package: infwarerr 2010/04/08 v1.3 Providing info/warning/error messages (HO)
)
("d:\Program Files (x86)\MiKTeX 2.9\tex\generic\oberdiek\ltxcmds.sty"
Package: ltxcmds 2011/11/09 v1.22 LaTeX kernel commands for general use (HO)
)
\Gread@gobject=\count100
))
\Gin@req@height=\dimen112
\Gin@req@width=\dimen113
)
("d:\Program Files (x86)\MiKTeX 2.9\tex\latex\hyperref\hyperref.sty"
Package: hyperref 2012/11/06 v6.83m Hypertext links for LaTeX

("d:\Program Files (x86)\MiKTeX 2.9\tex\generic\oberdiek\hobsub-hyperref.sty"
Package: hobsub-hyperref 2012/04/25 v1.12 Bundle oberdiek, subset hyperref (HO)


("d:\Program Files (x86)\MiKTeX 2.9\tex\generic\oberdiek\hobsub-generic.sty"
Package: hobsub-generic 2012/04/25 v1.12 Bundle oberdiek, subset generic (HO)
Package: hobsub 2012/04/25 v1.12 Construct package bundles (HO)
Package hobsub Info: Skipping package `infwarerr' (already loaded).
Package hobsub Info: Skipping package `ltxcmds' (already loaded).
Package: ifluatex 2010/03/01 v1.3 Provides the ifluatex switch (HO)
Package ifluatex Info: LuaTeX not detected.
Package: ifvtex 2010/03/01 v1.5 Detect VTeX and its facilities (HO)
Package ifvtex Info: VTeX not detected.
Package: intcalc 2007/09/27 v1.1 Expandable calculations with integers (HO)
Package: ifpdf 2011/01/30 v2.3 Provides the ifpdf switch (HO)
Package ifpdf Info: pdfTeX in PDF mode is detected.
Package: etexcmds 2011/02/16 v1.5 Avoid name clashes with e-TeX commands (HO)
Package etexcmds Info: Could not find \expanded.
(etexcmds)             That can mean that you are not using pdfTeX 1.50 or
(etexcmds)             that some package has redefined \expanded.
(etexcmds)             In the latter case, load this package earlier.
Package: kvsetkeys 2012/04/25 v1.16 Key value parser (HO)
Package: kvdefinekeys 2011/04/07 v1.3 Define keys (HO)
Package: pdftexcmds 2011/11/29 v0.20 Utility functions of pdfTeX for LuaTeX (HO
)
Package pdftexcmds Info: LuaTeX not detected.
Package pdftexcmds Info: \pdf@primitive is available.
Package pdftexcmds Info: \pdf@ifprimitive is available.
Package pdftexcmds Info: \pdfdraftmode found.
Package: pdfescape 2011/11/25 v1.13 Implements pdfTeX's escape features (HO)
Package: bigintcalc 2012/04/08 v1.3 Expandable calculations on big integers (HO
)
Package: bitset 2011/01/30 v1.1 Handle bit-vector datatype (HO)
Package: uniquecounter 2011/01/30 v1.2 Provide unlimited unique counter (HO)
)
Package hobsub Info: Skipping package `hobsub' (already loaded).
Package: letltxmacro 2010/09/02 v1.4 Let assignment for LaTeX macros (HO)
Package: hopatch 2011/06/24 v1.1 Wrapper for package hooks (HO)
Package: xcolor-patch 2011/01/30 xcolor patch
Package: atveryend 2011/06/30 v1.8 Hooks at the very end of document (HO)
Package atveryend Info: \enddocument detected (standard20110627).
Package: atbegshi 2011/10/05 v1.16 At begin shipout hook (HO)
Package: refcount 2011/10/16 v3.4 Data extraction from label references (HO)
Package: hycolor 2011/01/30 v1.7 Color options for hyperref/bookmark (HO)
)
("d:\Program Files (x86)\MiKTeX 2.9\tex\generic\ifxetex\ifxetex.sty"
Package: ifxetex 2010/09/12 v0.6 Provides ifxetex conditional
)
("d:\Program Files (x86)\MiKTeX 2.9\tex\latex\oberdiek\auxhook.sty"
Package: auxhook 2011/03/04 v1.3 Hooks for auxiliary files (HO)
)
("d:\Program Files (x86)\MiKTeX 2.9\tex\latex\oberdiek\kvoptions.sty"
Package: kvoptions 2011/06/30 v3.11 Key value format for package options (HO)
)
\@linkdim=\dimen114
\Hy@linkcounter=\count101
\Hy@pagecounter=\count102

("d:\Program Files (x86)\MiKTeX 2.9\tex\latex\hyperref\pd1enc.def"
File: pd1enc.def 2012/11/06 v6.83m Hyperref: PDFDocEncoding definition (HO)
)
\Hy@SavedSpaceFactor=\count103

("d:\Program Files (x86)\MiKTeX 2.9\tex\latex\00miktex\hyperref.cfg"
File: hyperref.cfg 2002/06/06 v1.2 hyperref configuration of TeXLive
)
Package hyperref Info: Hyper figures OFF on input line 4443.
Package hyperref Info: Link nesting OFF on input line 4448.
Package hyperref Info: Hyper index ON on input line 4451.
Package hyperref Info: Plain pages OFF on input line 4458.
Package hyperref Info: Backreferencing OFF on input line 4463.
Package hyperref Info: Implicit mode ON; LaTeX internals redefined.
Package hyperref Info: Bookmarks ON on input line 4688.
\c@Hy@tempcnt=\count104

(C:\Users\Ofir\AppData\Roaming\MiKTeX\2.9\tex\latex\url\url.sty
\Urlmuskip=\muskip11
Package: url 2013/09/16  ver 3.4  Verb mode for urls, etc.
)
LaTeX Info: Redefining \url on input line 5041.
\XeTeXLinkMargin=\dimen115
\Fld@menulength=\count105
\Field@Width=\dimen116
\Fld@charsize=\dimen117
Package hyperref Info: Hyper figures OFF on input line 6295.
Package hyperref Info: Link nesting OFF on input line 6300.
Package hyperref Info: Hyper index ON on input line 6303.
Package hyperref Info: backreferencing OFF on input line 6310.
Package hyperref Info: Link coloring OFF on input line 6315.
Package hyperref Info: Link coloring with OCG OFF on input line 6320.
Package hyperref Info: PDF/A mode OFF on input line 6325.
LaTeX Info: Redefining \ref on input line 6365.
LaTeX Info: Redefining \pageref on input line 6369.
\Hy@abspage=\count106
\c@Item=\count107
\c@Hfootnote=\count108
)

Package hyperref Message: Driver (autodetected): hpdftex.

("d:\Program Files (x86)\MiKTeX 2.9\tex\latex\hyperref\hpdftex.def"
File: hpdftex.def 2012/11/06 v6.83m Hyperref driver for pdfTeX
\Fld@listcount=\count109
\c@bookmark@seq@number=\count110

("d:\Program Files (x86)\MiKTeX 2.9\tex\latex\oberdiek\rerunfilecheck.sty"
Package: rerunfilecheck 2011/04/15 v1.7 Rerun checks for auxiliary files (HO)
Package uniquecounter Info: New unique counter `rerunfilecheck' on input line 2
82.
)
\Hy@SectionHShift=\skip46
)
("d:\Program Files (x86)\MiKTeX 2.9\tex\latex\graphics\color.sty"
Package: color 2005/11/14 v1.0j Standard LaTeX Color (DPC)

("d:\Program Files (x86)\MiKTeX 2.9\tex\latex\00miktex\color.cfg"
File: color.cfg 2007/01/18 v1.5 color configuration of teTeX/TeXLive
)
Package color Info: Driver file: pdftex.def on input line 130.
)
("d:\Program Files (x86)\MiKTeX 2.9\tex\latex\float\float.sty"
Package: float 2001/11/08 v1.3d Float enhancements (AL)
\c@float@type=\count111
\float@exts=\toks20
\float@box=\box28
\@float@everytoks=\toks21
\@floatcapt=\box29
)
(D:\Ofir\ENS\EpigenomeIntegrity\Documents\Report\ChromatinArchitecturePostUVCDa
mage.aux)
LaTeX Font Info:    Checking defaults for OML/cmm/m/it on input line 8.
LaTeX Font Info:    ... okay on input line 8.
LaTeX Font Info:    Checking defaults for T1/cmr/m/n on input line 8.
LaTeX Font Info:    ... okay on input line 8.
LaTeX Font Info:    Checking defaults for OT1/cmr/m/n on input line 8.
LaTeX Font Info:    ... okay on input line 8.
LaTeX Font Info:    Checking defaults for OMS/cmsy/m/n on input line 8.
LaTeX Font Info:    ... okay on input line 8.
LaTeX Font Info:    Checking defaults for OMX/cmex/m/n on input line 8.
LaTeX Font Info:    ... okay on input line 8.
LaTeX Font Info:    Checking defaults for U/cmr/m/n on input line 8.
LaTeX Font Info:    ... okay on input line 8.
LaTeX Font Info:    Checking defaults for PD1/pdf/m/n on input line 8.
LaTeX Font Info:    ... okay on input line 8.

(C:\Users\Ofir\AppData\Roaming\MiKTeX\2.9\tex\context\base\supp-pdf.mkii
[Loading MPS to PDF converter (version 2006.09.02).]
\scratchcounter=\count112
\scratchdimen=\dimen118
\scratchbox=\box30
\nofMPsegments=\count113
\nofMParguments=\count114
\everyMPshowfont=\toks22
\MPscratchCnt=\count115
\MPscratchDim=\dimen119
\MPnumerator=\count116
\makeMPintoPDFobject=\count117
\everyMPtoPDFconversion=\toks23
)
\AtBeginShipoutBox=\box31
Package hyperref Info: Link coloring OFF on input line 8.
 ("d:\Program Files (x86)\MiKTeX 2.9\tex\latex\hyperref\nameref.sty"
Package: nameref 2012/10/27 v2.43 Cross-referencing by name of section

("d:\Program Files (x86)\MiKTeX 2.9\tex\generic\oberdiek\gettitlestring.sty"
Package: gettitlestring 2010/12/03 v1.4 Cleanup title references (HO)
)
\c@section@level=\count118
)
LaTeX Info: Redefining \ref on input line 8.
LaTeX Info: Redefining \pageref on input line 8.
LaTeX Info: Redefining \nameref on input line 8.

(D:\Ofir\ENS\EpigenomeIntegrity\Documents\Report\ChromatinArchitecturePostUVCDa
mage.out)
(D:\Ofir\ENS\EpigenomeIntegrity\Documents\Report\ChromatinArchitecturePostUVCDa
mage.out)
\@outlinefile=\write3
LaTeX Font Info:    Try loading font information for U+msa on input line 12.
 ("d:\Program Files (x86)\MiKTeX 2.9\tex\latex\amsfonts\umsa.fd"
File: umsa.fd 2013/01/14 v3.01 AMS symbols A
)
LaTeX Font Info:    Try loading font information for U+msb on input line 12.

("d:\Program Files (x86)\MiKTeX 2.9\tex\latex\amsfonts\umsb.fd"
File: umsb.fd 2013/01/14 v3.01 AMS symbols B
)

LaTeX Warning: No \author given.

[1

{C:/Users/Ofir/AppData/Local/MiKTeX/2.9/pdftex/config/pdftex.map}]
(D:\Ofir\ENS\EpigenomeIntegrity\Documents\Report\ChromatinArchitecturePostUVCDa
mage.tocpdfTeX warning (ext4): destination with the same identifier (name{page.
1}) has been already used, duplicate ignored
<to be read again> 
                   \relax 
l.46 ...gement of chromatin}{40}{subsection.0.6.5}
                                                   [1

])
\tf@toc=\write4
LaTeX Font Info:    Try loading font information for OMS+cmr on input line 16.

("d:\Program Files (x86)\MiKTeX 2.9\tex\latex\base\omscmr.fd"
File: omscmr.fd 1999/05/25 v2.5h Standard LaTeX font definitions
)
LaTeX Font Info:    Font shape `OMS/cmr/m/n' in size <12> not available
(Font)              Font shape `OMS/cmsy/m/n' tried instead on input line 16.
 [2]
Overfull \hbox (6.48894pt too wide) in paragraph at lines 47--48
[]\OT1/cmr/m/n/12 To gain sen-si-tiv-ity, most of the cell H3.3 flu-o-res-cence
 was photo-bleached,
 []

[3] [4] [5] <UVDamageDistribution.jpg, id=221, 809.0225pt x 348.30125pt>
File: UVDamageDistribution.jpg Graphic file (type jpg)

<use UVDamageDistribution.jpg>
Package pdftex.def Info: UVDamageDistribution.jpg used on input line 113.
(pdftex.def)             Requested size: 175.49187pt x 109.69421pt.
 [6pdfTeX warning (ext4): destination with the same identifier (name{figure.0.1
}) has been already used, duplicate ignored

\AtBegShi@Output ...ipout \box \AtBeginShipoutBox 
                                                  \fi \fi 
l.125       	\item W
                    e assign bending elasticity to the non-damaged monomers ...
 <D:/Ofir/ENS/EpigenomeIntegrity/Documents/Report/UVDamageDistribution.jpg>]
Overfull \hbox (13.79997pt too wide) in paragraph at lines 127--128
[]\OT1/cmr/m/n/12 We in-tro-duce a cir-cu-lar re-gion of ex-clu-sion around eac
h dam-aged monomer
 []

[7]

Package hyperref Warning: Token not allowed in a PDF string (PDFDocEncoding):
(hyperref)                removing `math shift' on input line 142.


Package hyperref Warning: Token not allowed in a PDF string (PDFDocEncoding):
(hyperref)                removing `subscript' on input line 142.


Package hyperref Warning: Token not allowed in a PDF string (PDFDocEncoding):
(hyperref)                removing `math shift' on input line 142.

[8]
Overfull \hbox (6.80699pt too wide) in paragraph at lines 173--175
\OT1/cmr/m/n/12 After UVC, sev-eral monomers are hit and to-gether with their n
earest-neighbors
 []

[9] <RadiusOfExpansion500BeadsLennardJones.jpg, id=254, 1686.3pt x 881.2925pt>
File: RadiusOfExpansion500BeadsLennardJones.jpg Graphic file (type jpg)

<use RadiusOfExpansion500BeadsLennardJones.jpg>
Package pdftex.def Info: RadiusOfExpansion500BeadsLennardJones.jpg used on inpu
t line 182.
(pdftex.def)             Requested size: 194.98825pt x 164.54266pt.

<RadiusOfExpansion500BeadsNonAffectedLennardJones.jpg, id=255, 1686.3pt x 881.2
925pt>
File: RadiusOfExpansion500BeadsNonAffectedLennardJones.jpg Graphic file (type j
pg)
 <use RadiusOfExpansion500BeadsNonAffectedLennardJones.jpg>
Package pdftex.def Info: RadiusOfExpansion500BeadsNonAffectedLennardJones.jpg u
sed on input line 183.
(pdftex.def)             Requested size: 194.98825pt x 164.54266pt.

Overfull \hbox (2.58759pt too wide) in paragraph at lines 182--184
[][] []
 []

[10pdfTeX warning (ext4): destination with the same identifier (name{figure.0.2
}) has been already used, duplicate ignored

\AtBegShi@Output ...ipout \box \AtBeginShipoutBox 
                                                  \fi \fi 
l.190       C
             hanging the radius of expansion to be calculated relatively to ...
 <D:/Ofir/ENS/EpigenomeIntegrity/Documents/Report/RadiusOfExpansion500BeadsLenn
ardJones.jpg> <D:/Ofir/ENS/EpigenomeIntegrity/Documents/Report/RadiusOfExpansio
n500BeadsNonAffectedLennardJones.jpg>]
<Images/expandAffected/BreakAffectedCrosslinks/meanRadiusOfExpansionAffected.jp
g, id=262, 1686.3pt x 881.2925pt>
File: Images/expandAffected/BreakAffectedCrosslinks/meanRadiusOfExpansionAffect
ed.jpg Graphic file (type jpg)

<use Images/expandAffected/BreakAffectedCrosslinks/meanRadiusOfExpansionAffecte
d.jpg>
Package pdftex.def Info: Images/expandAffected/BreakAffectedCrosslinks/meanRadi
usOfExpansionAffected.jpg used on input line 206.
(pdftex.def)             Requested size: 194.98825pt x 164.54266pt.

<Images/expandAffected/BreakAffectedCrosslinks/meanRadiusOfExpansionNonAffected
.jpg, id=263, 1686.3pt x 881.2925pt>
File: Images/expandAffected/BreakAffectedCrosslinks/meanRadiusOfExpansionNonAff
ected.jpg Graphic file (type jpg)

<use Images/expandAffected/BreakAffectedCrosslinks/meanRadiusOfExpansionNonAffe
cted.jpg>
Package pdftex.def Info: Images/expandAffected/BreakAffectedCrosslinks/meanRadi
usOfExpansionNonAffected.jpg used on input line 207.
(pdftex.def)             Requested size: 194.98825pt x 164.54266pt.

Overfull \hbox (2.58759pt too wide) in paragraph at lines 206--208
[][] []
 []

[11]
<Images/expandAffected/BreakAffectedCrosslinks/meanNumMonomersInROI.jpg, id=269
, 1686.3pt x 881.2925pt>
File: Images/expandAffected/BreakAffectedCrosslinks/meanNumMonomersInROI.jpg Gr
aphic file (type jpg)

<use Images/expandAffected/BreakAffectedCrosslinks/meanNumMonomersInROI.jpg>
Package pdftex.def Info: Images/expandAffected/BreakAffectedCrosslinks/meanNumM
onomersInROI.jpg used on input line 215.
(pdftex.def)             Requested size: 194.98825pt x 164.54266pt.

<Images/expandAffected/BreakAffectedCrosslinks/percentMonomersInROI.jpg, id=270
, 1686.3pt x 924.45375pt>
File: Images/expandAffected/BreakAffectedCrosslinks/percentMonomersInROI.jpg Gr
aphic file (type jpg)

<use Images/expandAffected/BreakAffectedCrosslinks/percentMonomersInROI.jpg>
Package pdftex.def Info: Images/expandAffected/BreakAffectedCrosslinks/percentM
onomersInROI.jpg used on input line 216.
(pdftex.def)             Requested size: 194.98825pt x 164.5466pt.

Overfull \hbox (2.58759pt too wide) in paragraph at lines 215--217
[][] []
 []

[12pdfTeX warning (ext4): destination with the same identifier (name{figure.0.4
}) has been already used, duplicate ignored

\AtBegShi@Output ...ipout \box \AtBeginShipoutBox 
                                                  \fi \fi 
l.225 	   T
           he radius of expansion of the damaged and non-damaged monomers wa...
pdfTeX warning (ext4): destination with the same identifier (name{figure.0.3}) 
has been already used, duplicate ignored

\AtBegShi@Output ...ipout \box \AtBeginShipoutBox 
                                                  \fi \fi 
l.225 	   T
           he radius of expansion of the damaged and non-damaged monomers wa...
 <D:/Ofir/ENS/EpigenomeIntegrity/Documents/Report/Images/expandAffected/BreakAf
fectedCrosslinks/meanNumMonomersInROI.jpg> <D:/Ofir/ENS/EpigenomeIntegrity/Docu
ments/Report/Images/expandAffected/BreakAffectedCrosslinks/percentMonomersInROI
.jpg> <D:/Ofir/ENS/EpigenomeIntegrity/Documents/Report/Images/expandAffected/Br
eakAffectedCrosslinks/meanRadiusOfExpansionAffected.jpg> <D:/Ofir/ENS/Epigenome
Integrity/Documents/Report/Images/expandAffected/BreakAffectedCrosslinks/meanRa
diusOfExpansionNonAffected.jpg>]
<Images/expandAffected/NoCrosslinksBroken/meanRadiusOfExpansionAffected.jpg, id
=278, 1686.3pt x 881.2925pt>
File: Images/expandAffected/NoCrosslinksBroken/meanRadiusOfExpansionAffected.jp
g Graphic file (type jpg)

<use Images/expandAffected/NoCrosslinksBroken/meanRadiusOfExpansionAffected.jpg
>
Package pdftex.def Info: Images/expandAffected/NoCrosslinksBroken/meanRadiusOfE
xpansionAffected.jpg used on input line 228.
(pdftex.def)             Requested size: 194.98825pt x 164.54266pt.

<Images/expandAffected/NoCrosslinksBroken/meanRadiusOfExpansionNonAffected.jpg,
 id=279, 1686.3pt x 881.2925pt>
File: Images/expandAffected/NoCrosslinksBroken/meanRadiusOfExpansionNonAffected
.jpg Graphic file (type jpg)

<use Images/expandAffected/NoCrosslinksBroken/meanRadiusOfExpansionNonAffected.
jpg>
Package pdftex.def Info: Images/expandAffected/NoCrosslinksBroken/meanRadiusOfE
xpansionNonAffected.jpg used on input line 229.
(pdftex.def)             Requested size: 194.98825pt x 164.54266pt.

Overfull \hbox (2.58759pt too wide) in paragraph at lines 228--230
[][] []
 []


<Images/expandAffected/NoCrosslinksBroken/meanNumMonomersInROI.jpg, id=280, 168
6.3pt x 881.2925pt>
File: Images/expandAffected/NoCrosslinksBroken/meanNumMonomersInROI.jpg Graphic
 file (type jpg)

<use Images/expandAffected/NoCrosslinksBroken/meanNumMonomersInROI.jpg>
Package pdftex.def Info: Images/expandAffected/NoCrosslinksBroken/meanNumMonome
rsInROI.jpg used on input line 237.
(pdftex.def)             Requested size: 194.98825pt x 164.54266pt.

<Images/expandAffected/NoCrosslinksBroken/percentOfMonomersInROI.jpg, id=281, 1
686.3pt x 881.2925pt>
File: Images/expandAffected/NoCrosslinksBroken/percentOfMonomersInROI.jpg Graph
ic file (type jpg)

<use Images/expandAffected/NoCrosslinksBroken/percentOfMonomersInROI.jpg>
Package pdftex.def Info: Images/expandAffected/NoCrosslinksBroken/percentOfMono
mersInROI.jpg used on input line 238.
(pdftex.def)             Requested size: 194.98825pt x 164.54266pt.

Overfull \hbox (2.58759pt too wide) in paragraph at lines 237--239
[][] []
 []

[13pdfTeX warning (ext4): destination with the same identifier (name{figure.0.5
}) has been already used, duplicate ignored

\AtBegShi@Output ...ipout \box \AtBeginShipoutBox 
                                                  \fi \fi 
l.242 
       <D:/Ofir/ENS/EpigenomeIntegrity/Documents/Report/Images/expandAffected/N
oCrosslinksBroken/meanRadiusOfExpansionAffected.jpg> <D:/Ofir/ENS/EpigenomeInte
grity/Documents/Report/Images/expandAffected/NoCrosslinksBroken/meanRadiusOfExp
ansionNonAffected.jpg>]
<RadiusOfExpansion500BeadsAffectedLennardJonesCrosslinked.jpg, id=288, 1686.3pt
 x 881.2925pt>
File: RadiusOfExpansion500BeadsAffectedLennardJonesCrosslinked.jpg Graphic file
 (type jpg)

<use RadiusOfExpansion500BeadsAffectedLennardJonesCrosslinked.jpg>
Package pdftex.def Info: RadiusOfExpansion500BeadsAffectedLennardJonesCrosslink
ed.jpg used on input line 249.
(pdftex.def)             Requested size: 194.98825pt x 164.54266pt.

<RadiusOfExpansion500BeadsNonAffectedLennardJonesCrosslinked.jpg, id=289, 1686.
3pt x 881.2925pt>
File: RadiusOfExpansion500BeadsNonAffectedLennardJonesCrosslinked.jpg Graphic f
ile (type jpg)

<use RadiusOfExpansion500BeadsNonAffectedLennardJonesCrosslinked.jpg>
Package pdftex.def Info: RadiusOfExpansion500BeadsNonAffectedLennardJonesCrossl
inked.jpg used on input line 250.
(pdftex.def)             Requested size: 194.98825pt x 164.54266pt.

Overfull \hbox (2.58759pt too wide) in paragraph at lines 249--251
[][] []
 []

[14pdfTeX warning (ext4): destination with the same identifier (name{figure.0.6
}) has been already used, duplicate ignored

\AtBegShi@Output ...ipout \box \AtBeginShipoutBox 
                                                  \fi \fi 
l.254 
       <D:/Ofir/ENS/EpigenomeIntegrity/Documents/Report/Images/expandAffected/N
oCrosslinksBroken/meanNumMonomersInROI.jpg> <D:/Ofir/ENS/EpigenomeIntegrity/Doc
uments/Report/Images/expandAffected/NoCrosslinksBroken/percentOfMonomersInROI.j
pg>] [15pdfTeX warning (ext4): destination with the same identifier (name{figur
e.0.7}) has been already used, duplicate ignored

\AtBegShi@Output ...ipout \box \AtBeginShipoutBox 
                                                  \fi \fi 
l.265 		\begin{enumerate}
                          <D:/Ofir/ENS/EpigenomeIntegrity/Documents/Report/Radi
usOfExpansion500BeadsAffectedLennardJonesCrosslinked.jpg> <D:/Ofir/ENS/Epigenom
eIntegrity/Documents/Report/RadiusOfExpansion500BeadsNonAffectedLennardJonesCro
sslinked.jpg>]
<Images/expandNonDamaged/BreakAffectedCrosslinks/04/MeanRadiusOfExpansionAffect
ed.jpg, id=302, 1686.3pt x 881.2925pt>
File: Images/expandNonDamaged/BreakAffectedCrosslinks/04/MeanRadiusOfExpansionA
ffected.jpg Graphic file (type jpg)

<use Images/expandNonDamaged/BreakAffectedCrosslinks/04/MeanRadiusOfExpansionAf
fected.jpg>
Package pdftex.def Info: Images/expandNonDamaged/BreakAffectedCrosslinks/04/Mea
nRadiusOfExpansionAffected.jpg used on input line 278.
(pdftex.def)             Requested size: 194.98825pt x 164.54266pt.

<Images/expandNonDamaged/BreakAffectedCrosslinks/04/MeanRadiusOfExpansionNonAff
ected.jpg, id=303, 1686.3pt x 881.2925pt>
File: Images/expandNonDamaged/BreakAffectedCrosslinks/04/MeanRadiusOfExpansionN
onAffected.jpg Graphic file (type jpg)

<use Images/expandNonDamaged/BreakAffectedCrosslinks/04/MeanRadiusOfExpansionNo
nAffected.jpg>
Package pdftex.def Info: Images/expandNonDamaged/BreakAffectedCrosslinks/04/Mea
nRadiusOfExpansionNonAffected.jpg used on input line 279.
(pdftex.def)             Requested size: 194.98825pt x 164.54266pt.

Overfull \hbox (2.58759pt too wide) in paragraph at lines 278--280
[][] []
 []


<Images/expandNonDamaged/BreakAffectedCrosslinks/04/MeanNumMonomersInROI.jpg, i
d=304, 1686.3pt x 881.2925pt>
File: Images/expandNonDamaged/BreakAffectedCrosslinks/04/MeanNumMonomersInROI.j
pg Graphic file (type jpg)

<use Images/expandNonDamaged/BreakAffectedCrosslinks/04/MeanNumMonomersInROI.jp
g>
Package pdftex.def Info: Images/expandNonDamaged/BreakAffectedCrosslinks/04/Mea
nNumMonomersInROI.jpg used on input line 286.
(pdftex.def)             Requested size: 194.98825pt x 164.54266pt.

<Images/expandNonDamaged/BreakAffectedCrosslinks/04/percentOfMonomersInROI.jpg,
 id=305, 1686.3pt x 924.45375pt>
File: Images/expandNonDamaged/BreakAffectedCrosslinks/04/percentOfMonomersInROI
.jpg Graphic file (type jpg)

<use Images/expandNonDamaged/BreakAffectedCrosslinks/04/percentOfMonomersInROI.
jpg>
Package pdftex.def Info: Images/expandNonDamaged/BreakAffectedCrosslinks/04/per
centOfMonomersInROI.jpg used on input line 287.
(pdftex.def)             Requested size: 194.98825pt x 164.5466pt.

Overfull \hbox (2.58759pt too wide) in paragraph at lines 286--288
[][] []
 []

[16pdfTeX warning (ext4): destination with the same identifier (name{figure.0.8
}) has been already used, duplicate ignored

\AtBegShi@Output ...ipout \box \AtBeginShipoutBox 
                                                  \fi \fi 
l.290 	\end{figure}
                    <D:/Ofir/ENS/EpigenomeIntegrity/Documents/Report/Images/exp
andNonDamaged/BreakAffectedCrosslinks/04/MeanRadiusOfExpansionAffected.jpg> <D:
/Ofir/ENS/EpigenomeIntegrity/Documents/Report/Images/expandNonDamaged/BreakAffe
ctedCrosslinks/04/MeanRadiusOfExpansionNonAffected.jpg>]
<Images/expandNonDamaged/BreakAffectedCrosslinks/05/meanRadiusOfExpansionAffect
ed.jpg, id=315, 1686.3pt x 881.2925pt>
File: Images/expandNonDamaged/BreakAffectedCrosslinks/05/meanRadiusOfExpansionA
ffected.jpg Graphic file (type jpg)

<use Images/expandNonDamaged/BreakAffectedCrosslinks/05/meanRadiusOfExpansionAf
fected.jpg>
Package pdftex.def Info: Images/expandNonDamaged/BreakAffectedCrosslinks/05/mea
nRadiusOfExpansionAffected.jpg used on input line 294.
(pdftex.def)             Requested size: 194.98825pt x 164.54266pt.

<Images/expandNonDamaged/BreakAffectedCrosslinks/05/meanRadiusOfExpansionNonAff
ected.jpg, id=316, 1686.3pt x 881.2925pt>
File: Images/expandNonDamaged/BreakAffectedCrosslinks/05/meanRadiusOfExpansionN
onAffected.jpg Graphic file (type jpg)

<use Images/expandNonDamaged/BreakAffectedCrosslinks/05/meanRadiusOfExpansionNo
nAffected.jpg>
Package pdftex.def Info: Images/expandNonDamaged/BreakAffectedCrosslinks/05/mea
nRadiusOfExpansionNonAffected.jpg used on input line 296.
(pdftex.def)             Requested size: 194.98825pt x 164.54266pt.

Overfull \hbox (2.58759pt too wide) in paragraph at lines 294--297
[][] []
 []


<Images/expandNonDamaged/BreakAffectedCrosslinks/05/meanNumMonomersInROI.jpg, i
d=317, 1686.3pt x 881.2925pt>
File: Images/expandNonDamaged/BreakAffectedCrosslinks/05/meanNumMonomersInROI.j
pg Graphic file (type jpg)

<use Images/expandNonDamaged/BreakAffectedCrosslinks/05/meanNumMonomersInROI.jp
g>
Package pdftex.def Info: Images/expandNonDamaged/BreakAffectedCrosslinks/05/mea
nNumMonomersInROI.jpg used on input line 303.
(pdftex.def)             Requested size: 194.98825pt x 164.54266pt.

<Images/expandNonDamaged/BreakAffectedCrosslinks/05/percentageOfMonomersInROI.j
pg, id=318, 1686.3pt x 881.2925pt>
File: Images/expandNonDamaged/BreakAffectedCrosslinks/05/percentageOfMonomersIn
ROI.jpg Graphic file (type jpg)

<use Images/expandNonDamaged/BreakAffectedCrosslinks/05/percentageOfMonomersInR
OI.jpg>
Package pdftex.def Info: Images/expandNonDamaged/BreakAffectedCrosslinks/05/per
centageOfMonomersInROI.jpg used on input line 304.
(pdftex.def)             Requested size: 194.98825pt x 164.54266pt.

Overfull \hbox (2.58759pt too wide) in paragraph at lines 303--305
[][] []
 []

[17pdfTeX warning (ext4): destination with the same identifier (name{figure.0.9
}) has been already used, duplicate ignored

\AtBegShi@Output ...ipout \box \AtBeginShipoutBox 
                                                  \fi \fi 
l.308 
      pdfTeX warning (ext4): destination with the same identifier (name{figure.
0.10}) has been already used, duplicate ignored

\AtBegShi@Output ...ipout \box \AtBeginShipoutBox 
                                                  \fi \fi 
l.308 
       <D:/Ofir/ENS/EpigenomeIntegrity/Documents/Report/Images/expandNonDamaged
/BreakAffectedCrosslinks/04/MeanNumMonomersInROI.jpg> <D:/Ofir/ENS/EpigenomeInt
egrity/Documents/Report/Images/expandNonDamaged/BreakAffectedCrosslinks/04/perc
entOfMonomersInROI.jpg> <D:/Ofir/ENS/EpigenomeIntegrity/Documents/Report/Images
/expandNonDamaged/BreakAffectedCrosslinks/05/meanRadiusOfExpansionAffected.jpg>
 <D:/Ofir/ENS/EpigenomeIntegrity/Documents/Report/Images/expandNonDamaged/Break
AffectedCrosslinks/05/meanRadiusOfExpansionNonAffected.jpg>]
<Images/expandNonDamaged/NoCrosslinksBroken/meanRadiusOfExpansionAffected.jpg, 
id=325, 1686.3pt x 881.2925pt>
File: Images/expandNonDamaged/NoCrosslinksBroken/meanRadiusOfExpansionAffected.
jpg Graphic file (type jpg)

<use Images/expandNonDamaged/NoCrosslinksBroken/meanRadiusOfExpansionAffected.j
pg>
Package pdftex.def Info: Images/expandNonDamaged/NoCrosslinksBroken/meanRadiusO
fExpansionAffected.jpg used on input line 315.
(pdftex.def)             Requested size: 195.0pt x 101.90457pt.

<Images/expandNonDamaged/NoCrosslinksBroken/meanRadiusOfExpansionNonAffected.jp
g, id=326, 1686.3pt x 881.2925pt>
File: Images/expandNonDamaged/NoCrosslinksBroken/meanRadiusOfExpansionNonAffect
ed.jpg Graphic file (type jpg)

<use Images/expandNonDamaged/NoCrosslinksBroken/meanRadiusOfExpansionNonAffecte
d.jpg>
Package pdftex.def Info: Images/expandNonDamaged/NoCrosslinksBroken/meanRadiusO
fExpansionNonAffected.jpg used on input line 316.
(pdftex.def)             Requested size: 195.0pt x 101.90457pt.

Overfull \hbox (2.61108pt too wide) in paragraph at lines 315--317
[][] []
 []


<Images/expandNonDamaged/NoCrosslinksBroken/meanNumMonomersInROI.jpg, id=327, 1
686.3pt x 881.2925pt>
File: Images/expandNonDamaged/NoCrosslinksBroken/meanNumMonomersInROI.jpg Graph
ic file (type jpg)

<use Images/expandNonDamaged/NoCrosslinksBroken/meanNumMonomersInROI.jpg>
Package pdftex.def Info: Images/expandNonDamaged/NoCrosslinksBroken/meanNumMono
mersInROI.jpg used on input line 323.
(pdftex.def)             Requested size: 194.98825pt x 164.54266pt.

<Images/expandNonDamaged/NoCrosslinksBroken/percentageOfMonomersInROI.jpg, id=3
28, 1686.3pt x 881.2925pt>
File: Images/expandNonDamaged/NoCrosslinksBroken/percentageOfMonomersInROI.jpg 
Graphic file (type jpg)

<use Images/expandNonDamaged/NoCrosslinksBroken/percentageOfMonomersInROI.jpg>
Package pdftex.def Info: Images/expandNonDamaged/NoCrosslinksBroken/percentageO
fMonomersInROI.jpg used on input line 324.
(pdftex.def)             Requested size: 194.98825pt x 164.54266pt.

Overfull \hbox (2.58759pt too wide) in paragraph at lines 323--325
[][] []
 []

[18pdfTeX warning (ext4): destination with the same identifier (name{figure.0.1
1}) has been already used, duplicate ignored

\AtBegShi@Output ...ipout \box \AtBeginShipoutBox 
                                                  \fi \fi 
l.328     A
           s can be seen in Figure \ref{fig:meanRadiusOfExpansionBendingNonA...
pdfTeX warning (ext4): destination with the same identifier (name{figure.0.12})
 has been already used, duplicate ignored

\AtBegShi@Output ...ipout \box \AtBeginShipoutBox 
                                                  \fi \fi 
l.328     A
           s can be seen in Figure \ref{fig:meanRadiusOfExpansionBendingNonA...
 <D:/Ofir/ENS/EpigenomeIntegrity/Documents/Report/Images/expandNonDamaged/Break
AffectedCrosslinks/05/meanNumMonomersInROI.jpg> <D:/Ofir/ENS/EpigenomeIntegrity
/Documents/Report/Images/expandNonDamaged/BreakAffectedCrosslinks/05/percentage
OfMonomersInROI.jpg> <D:/Ofir/ENS/EpigenomeIntegrity/Documents/Report/Images/ex
pandNonDamaged/NoCrosslinksBroken/meanRadiusOfExpansionAffected.jpg> <D:/Ofir/E
NS/EpigenomeIntegrity/Documents/Report/Images/expandNonDamaged/NoCrosslinksBrok
en/meanRadiusOfExpansionNonAffected.jpg>]
<Images/expandNonDamagedInBeam/breakDamagedCrosslinks/meanRadiusOfExpansionAffe
cted.jpg, id=338, 1686.3pt x 881.2925pt>
File: Images/expandNonDamagedInBeam/breakDamagedCrosslinks/meanRadiusOfExpansio
nAffected.jpg Graphic file (type jpg)

<use Images/expandNonDamagedInBeam/breakDamagedCrosslinks/meanRadiusOfExpansion
Affected.jpg>
Package pdftex.def Info: Images/expandNonDamagedInBeam/breakDamagedCrosslinks/m
eanRadiusOfExpansionAffected.jpg used on input line 336.
(pdftex.def)             Requested size: 194.98825pt x 164.54266pt.

<Images/expandNonDamagedInBeam/breakDamagedCrosslinks/meanRadiusOfExpansionNonA
ffected.jpg, id=339, 1686.3pt x 881.2925pt>
File: Images/expandNonDamagedInBeam/breakDamagedCrosslinks/meanRadiusOfExpansio
nNonAffected.jpg Graphic file (type jpg)

<use Images/expandNonDamagedInBeam/breakDamagedCrosslinks/meanRadiusOfExpansion
NonAffected.jpg>
Package pdftex.def Info: Images/expandNonDamagedInBeam/breakDamagedCrosslinks/m
eanRadiusOfExpansionNonAffected.jpg used on input line 337.
(pdftex.def)             Requested size: 194.98825pt x 164.54266pt.

Overfull \hbox (2.58759pt too wide) in paragraph at lines 336--338
[][] []
 []

[19pdfTeX warning (ext4): destination with the same identifier (name{figure.0.1
3}) has been already used, duplicate ignored

\AtBegShi@Output ...ipout \box \AtBeginShipoutBox 
                                                  \fi \fi 
l.341 
       <D:/Ofir/ENS/EpigenomeIntegrity/Documents/Report/Images/expandNonDamaged
/NoCrosslinksBroken/meanNumMonomersInROI.jpg> <D:/Ofir/ENS/EpigenomeIntegrity/D
ocuments/Report/Images/expandNonDamaged/NoCrosslinksBroken/percentageOfMonomers
InROI.jpg>] [20pdfTeX warning (ext4): destination with the same identifier (nam
e{figure.0.14}) has been already used, duplicate ignored

\AtBegShi@Output ...ipout \box \AtBeginShipoutBox 
                                                  \fi \fi 
l.352      \end{equation*}
                           <D:/Ofir/ENS/EpigenomeIntegrity/Documents/Report/Ima
ges/expandNonDamagedInBeam/breakDamagedCrosslinks/meanRadiusOfExpansionAffected
.jpg> <D:/Ofir/ENS/EpigenomeIntegrity/Documents/Report/Images/expandNonDamagedI
nBeam/breakDamagedCrosslinks/meanRadiusOfExpansionNonAffected.jpg>]
<Images/ExludeAroundDamagedMonomers/BreakDamagedCrosslinks/00/meanRadiusOfExpan
sionAffected.jpg, id=352, 1686.3pt x 881.2925pt>
File: Images/ExludeAroundDamagedMonomers/BreakDamagedCrosslinks/00/meanRadiusOf
ExpansionAffected.jpg Graphic file (type jpg)

<use Images/ExludeAroundDamagedMonomers/BreakDamagedCrosslinks/00/meanRadiusOfE
xpansionAffected.jpg>
Package pdftex.def Info: Images/ExludeAroundDamagedMonomers/BreakDamagedCrossli
nks/00/meanRadiusOfExpansionAffected.jpg used on input line 364.
(pdftex.def)             Requested size: 194.98825pt x 164.54266pt.

<Images/ExludeAroundDamagedMonomers/BreakDamagedCrosslinks/00/meanRadiusOfExpan
sionNonAffected.jpg, id=353, 1686.3pt x 881.2925pt>
File: Images/ExludeAroundDamagedMonomers/BreakDamagedCrosslinks/00/meanRadiusOf
ExpansionNonAffected.jpg Graphic file (type jpg)

<use Images/ExludeAroundDamagedMonomers/BreakDamagedCrosslinks/00/meanRadiusOfE
xpansionNonAffected.jpg>
Package pdftex.def Info: Images/ExludeAroundDamagedMonomers/BreakDamagedCrossli
nks/00/meanRadiusOfExpansionNonAffected.jpg used on input line 365.
(pdftex.def)             Requested size: 194.98825pt x 164.54266pt.

Overfull \hbox (2.58759pt too wide) in paragraph at lines 364--366
[][] []
 []


<Images/ExludeAroundDamagedMonomers/BreakDamagedCrosslinks/00/meanNumberOfMonom
ersInROI.jpg, id=354, 1686.3pt x 881.2925pt>
File: Images/ExludeAroundDamagedMonomers/BreakDamagedCrosslinks/00/meanNumberOf
MonomersInROI.jpg Graphic file (type jpg)

<use Images/ExludeAroundDamagedMonomers/BreakDamagedCrosslinks/00/meanNumberOfM
onomersInROI.jpg>
Package pdftex.def Info: Images/ExludeAroundDamagedMonomers/BreakDamagedCrossli
nks/00/meanNumberOfMonomersInROI.jpg used on input line 372.
(pdftex.def)             Requested size: 194.98825pt x 164.54266pt.

<Images/ExludeAroundDamagedMonomers/BreakDamagedCrosslinks/00/percentOfMonomers
InROI.jpg, id=355, 1686.3pt x 881.2925pt>
File: Images/ExludeAroundDamagedMonomers/BreakDamagedCrosslinks/00/percentOfMon
omersInROI.jpg Graphic file (type jpg)

<use Images/ExludeAroundDamagedMonomers/BreakDamagedCrosslinks/00/percentOfMono
mersInROI.jpg>
Package pdftex.def Info: Images/ExludeAroundDamagedMonomers/BreakDamagedCrossli
nks/00/percentOfMonomersInROI.jpg used on input line 373.
(pdftex.def)             Requested size: 194.98825pt x 164.54266pt.

Overfull \hbox (2.58759pt too wide) in paragraph at lines 372--374
[][] []
 []

[21pdfTeX warning (ext4): destination with the same identifier (name{figure.0.1
5}) has been already used, duplicate ignored

\AtBegShi@Output ...ipout \box \AtBeginShipoutBox 
                                                  \fi \fi 
l.377 
       <D:/Ofir/ENS/EpigenomeIntegrity/Documents/Report/Images/ExludeAroundDama
gedMonomers/BreakDamagedCrosslinks/00/meanRadiusOfExpansionAffected.jpg> <D:/Of
ir/ENS/EpigenomeIntegrity/Documents/Report/Images/ExludeAroundDamagedMonomers/B
reakDamagedCrosslinks/00/meanRadiusOfExpansionNonAffected.jpg>]
<Images/ExludeAroundDamagedMonomers/NoCrosslinksBroken/00/meanRadiusOfExpanssio
nAffected.jpg, id=362, 1686.3pt x 881.2925pt>
File: Images/ExludeAroundDamagedMonomers/NoCrosslinksBroken/00/meanRadiusOfExpa
nssionAffected.jpg Graphic file (type jpg)

<use Images/ExludeAroundDamagedMonomers/NoCrosslinksBroken/00/meanRadiusOfExpan
ssionAffected.jpg>
Package pdftex.def Info: Images/ExludeAroundDamagedMonomers/NoCrosslinksBroken/
00/meanRadiusOfExpanssionAffected.jpg used on input line 383.
(pdftex.def)             Requested size: 194.98825pt x 164.54266pt.

<Images/ExludeAroundDamagedMonomers/NoCrosslinksBroken/00/meanRadiusOfExpanssio
nNonAffected.jpg, id=363, 1686.3pt x 881.2925pt>
File: Images/ExludeAroundDamagedMonomers/NoCrosslinksBroken/00/meanRadiusOfExpa
nssionNonAffected.jpg Graphic file (type jpg)

<use Images/ExludeAroundDamagedMonomers/NoCrosslinksBroken/00/meanRadiusOfExpan
ssionNonAffected.jpg>
Package pdftex.def Info: Images/ExludeAroundDamagedMonomers/NoCrosslinksBroken/
00/meanRadiusOfExpanssionNonAffected.jpg used on input line 384.
(pdftex.def)             Requested size: 194.98825pt x 164.54266pt.

Overfull \hbox (2.58759pt too wide) in paragraph at lines 383--385
[][] []
 []

[22pdfTeX warning (ext4): destination with the same identifier (name{figure.0.1
6}) has been already used, duplicate ignored

\AtBegShi@Output ...ipout \box \AtBeginShipoutBox 
                                                  \fi \fi 
l.388 
       <D:/Ofir/ENS/EpigenomeIntegrity/Documents/Report/Images/ExludeAroundDama
gedMonomers/BreakDamagedCrosslinks/00/meanNumberOfMonomersInROI.jpg> <D:/Ofir/E
NS/EpigenomeIntegrity/Documents/Report/Images/ExludeAroundDamagedMonomers/Break
DamagedCrosslinks/00/percentOfMonomersInROI.jpg>]
<Images/ExludeAroundDamagedMonomers/NoCrosslinksBroken/00/meanNumMonomersInROI.
jpg, id=370, 1686.3pt x 881.2925pt>
File: Images/ExludeAroundDamagedMonomers/NoCrosslinksBroken/00/meanNumMonomersI
nROI.jpg Graphic file (type jpg)

<use Images/ExludeAroundDamagedMonomers/NoCrosslinksBroken/00/meanNumMonomersIn
ROI.jpg>
Package pdftex.def Info: Images/ExludeAroundDamagedMonomers/NoCrosslinksBroken/
00/meanNumMonomersInROI.jpg used on input line 391.
(pdftex.def)             Requested size: 194.98825pt x 164.54266pt.

<Images/ExludeAroundDamagedMonomers/NoCrosslinksBroken/00/percentOfMonomersInRO
I.jpg, id=371, 1686.3pt x 881.2925pt>
File: Images/ExludeAroundDamagedMonomers/NoCrosslinksBroken/00/percentOfMonomer
sInROI.jpg Graphic file (type jpg)

<use Images/ExludeAroundDamagedMonomers/NoCrosslinksBroken/00/percentOfMonomers
InROI.jpg>
Package pdftex.def Info: Images/ExludeAroundDamagedMonomers/NoCrosslinksBroken/
00/percentOfMonomersInROI.jpg used on input line 392.
(pdftex.def)             Requested size: 194.98825pt x 164.54266pt.

Overfull \hbox (2.58759pt too wide) in paragraph at lines 391--393
[][] []
 []


Underfull \hbox (badness 10000) in paragraph at lines 400--401

 []

[23pdfTeX warning (ext4): destination with the same identifier (name{figure.0.1
7}) has been already used, duplicate ignored

\AtBegShi@Output ...ipout \box \AtBeginShipoutBox 
                                                  \fi \fi 
l.402    F
          rom the result of simulating the process with cross-links broken f...
pdfTeX warning (ext4): destination with the same identifier (name{figure.0.18})
 has been already used, duplicate ignored

\AtBegShi@Output ...ipout \box \AtBeginShipoutBox 
                                                  \fi \fi 
l.402    F
          rom the result of simulating the process with cross-links broken f...
 <D:/Ofir/ENS/EpigenomeIntegrity/Documents/Report/Images/ExludeAroundDamagedMon
omers/NoCrosslinksBroken/00/meanRadiusOfExpanssionAffected.jpg> <D:/Ofir/ENS/Ep
igenomeIntegrity/Documents/Report/Images/ExludeAroundDamagedMonomers/NoCrosslin
ksBroken/00/meanRadiusOfExpanssionNonAffected.jpg> <D:/Ofir/ENS/EpigenomeIntegr
ity/Documents/Report/Images/ExludeAroundDamagedMonomers/NoCrosslinksBroken/00/m
eanNumMonomersInROI.jpg> <D:/Ofir/ENS/EpigenomeIntegrity/Documents/Report/Image
s/ExludeAroundDamagedMonomers/NoCrosslinksBroken/00/percentOfMonomersInROI.jpg>
]
<Images/ExludeAroundDamagedMonomers/BreakDamagedCrosslinks/06/meanRadiusOfExpan
sionAffected.jpg, id=378, 1686.3pt x 881.2925pt>
File: Images/ExludeAroundDamagedMonomers/BreakDamagedCrosslinks/06/meanRadiusOf
ExpansionAffected.jpg Graphic file (type jpg)

<use Images/ExludeAroundDamagedMonomers/BreakDamagedCrosslinks/06/meanRadiusOfE
xpansionAffected.jpg>
Package pdftex.def Info: Images/ExludeAroundDamagedMonomers/BreakDamagedCrossli
nks/06/meanRadiusOfExpansionAffected.jpg used on input line 408.
(pdftex.def)             Requested size: 194.98825pt x 164.54266pt.

<Images/ExludeAroundDamagedMonomers/BreakDamagedCrosslinks/06/meanRadiusOfExpan
sionNonAffected.jpg, id=379, 1686.3pt x 881.2925pt>
File: Images/ExludeAroundDamagedMonomers/BreakDamagedCrosslinks/06/meanRadiusOf
ExpansionNonAffected.jpg Graphic file (type jpg)

<use Images/ExludeAroundDamagedMonomers/BreakDamagedCrosslinks/06/meanRadiusOfE
xpansionNonAffected.jpg>
Package pdftex.def Info: Images/ExludeAroundDamagedMonomers/BreakDamagedCrossli
nks/06/meanRadiusOfExpansionNonAffected.jpg used on input line 409.
(pdftex.def)             Requested size: 194.98825pt x 164.54266pt.

Overfull \hbox (2.58759pt too wide) in paragraph at lines 408--410
[][] []
 []


<Images/ExludeAroundDamagedMonomers/BreakDamagedCrosslinks/06/meanNumMonomersIn
ROI.jpg, id=380, 1686.3pt x 881.2925pt>
File: Images/ExludeAroundDamagedMonomers/BreakDamagedCrosslinks/06/meanNumMonom
ersInROI.jpg Graphic file (type jpg)

<use Images/ExludeAroundDamagedMonomers/BreakDamagedCrosslinks/06/meanNumMonome
rsInROI.jpg>
Package pdftex.def Info: Images/ExludeAroundDamagedMonomers/BreakDamagedCrossli
nks/06/meanNumMonomersInROI.jpg used on input line 417.
(pdftex.def)             Requested size: 194.98825pt x 164.54266pt.

<Images/ExludeAroundDamagedMonomers/BreakDamagedCrosslinks/06/percentOfMonomers
InROI.jpg, id=381, 1686.3pt x 881.2925pt>
File: Images/ExludeAroundDamagedMonomers/BreakDamagedCrosslinks/06/percentOfMon
omersInROI.jpg Graphic file (type jpg)

<use Images/ExludeAroundDamagedMonomers/BreakDamagedCrosslinks/06/percentOfMono
mersInROI.jpg>
Package pdftex.def Info: Images/ExludeAroundDamagedMonomers/BreakDamagedCrossli
nks/06/percentOfMonomersInROI.jpg used on input line 418.
(pdftex.def)             Requested size: 194.98825pt x 164.54266pt.

Overfull \hbox (2.58759pt too wide) in paragraph at lines 417--419
[][] []
 []

[24pdfTeX warning (ext4): destination with the same identifier (name{figure.0.1
9}) has been already used, duplicate ignored

\AtBegShi@Output ...ipout \box \AtBeginShipoutBox 
                                                  \fi \fi 
l.422 
       <D:/Ofir/ENS/EpigenomeIntegrity/Documents/Report/Images/ExludeAroundDama
gedMonomers/BreakDamagedCrosslinks/06/meanRadiusOfExpansionAffected.jpg> <D:/Of
ir/ENS/EpigenomeIntegrity/Documents/Report/Images/ExludeAroundDamagedMonomers/B
reakDamagedCrosslinks/06/meanRadiusOfExpansionNonAffected.jpg>]
Underfull \hbox (badness 10000) in paragraph at lines 423--424

 []

[25pdfTeX warning (ext4): destination with the same identifier (name{figure.0.2
0}) has been already used, duplicate ignored

\AtBegShi@Output ...ipout \box \AtBeginShipoutBox 
                                                  \fi \fi 
l.434 
       <D:/Ofir/ENS/EpigenomeIntegrity/Documents/Report/Images/ExludeAroundDama
gedMonomers/BreakDamagedCrosslinks/06/meanNumMonomersInROI.jpg> <D:/Ofir/ENS/Ep
igenomeIntegrity/Documents/Report/Images/ExludeAroundDamagedMonomers/BreakDamag
edCrosslinks/06/percentOfMonomersInROI.jpg>]
<Images/ExludeAroundDamagedMonomers/BreakDamagedCrosslinks/testExpansion/snapsh
otForExampleOfExpansionEstimation.jpeg, id=394, 501.875pt x 528.97626pt>
File: Images/ExludeAroundDamagedMonomers/BreakDamagedCrosslinks/testExpansion/s
napshotForExampleOfExpansionEstimation.jpeg Graphic file (type jpg)

<use Images/ExludeAroundDamagedMonomers/BreakDamagedCrosslinks/testExpansion/sn
apshotForExampleOfExpansionEstimation.jpeg>
Package pdftex.def Info: Images/ExludeAroundDamagedMonomers/BreakDamagedCrossli
nks/testExpansion/snapshotForExampleOfExpansionEstimation.jpeg used on input li
ne 437.
(pdftex.def)             Requested size: 155.99762pt x 164.42487pt.
 [26pdfTeX warning (ext4): destination with the same identifier (name{figure.0.
21}) has been already used, duplicate ignored

\AtBegShi@Output ...ipout \box \AtBeginShipoutBox 
                                                  \fi \fi 
l.451    \textbf{Example}
                         :\\ <D:/Ofir/ENS/EpigenomeIntegrity/Documents/Report/I
mages/ExludeAroundDamagedMonomers/BreakDamagedCrosslinks/testExpansion/snapshot
ForExampleOfExpansionEstimation.jpeg>]
<Images/ExludeAroundDamagedMonomers/BreakDamagedCrosslinks/testExpansion/meanRa
diusOfExpansionDamagedMonomers.jpg, id=400, 1686.3pt x 926.46124pt>
File: Images/ExludeAroundDamagedMonomers/BreakDamagedCrosslinks/testExpansion/m
eanRadiusOfExpansionDamagedMonomers.jpg Graphic file (type jpg)

<use Images/ExludeAroundDamagedMonomers/BreakDamagedCrosslinks/testExpansion/me
anRadiusOfExpansionDamagedMonomers.jpg>
Package pdftex.def Info: Images/ExludeAroundDamagedMonomers/BreakDamagedCrossli
nks/testExpansion/meanRadiusOfExpansionDamagedMonomers.jpg used on input line 4
59.
(pdftex.def)             Requested size: 194.98825pt x 164.5505pt.

Overfull \hbox (7.7292pt too wide) in paragraph at lines 463--464
[]\OT1/cmr/m/n/12 Although we see good agree-ment with sim-u-la-tions, the per-
cent of monomers
 []


<Images/ExludeAroundDamagedMonomers/BreakDamagedCrosslinks/testExpansion/meannu
mberOfMonomersInROI.jpg, id=401, 1686.3pt x 969.6225pt>
File: Images/ExludeAroundDamagedMonomers/BreakDamagedCrosslinks/testExpansion/m
eannumberOfMonomersInROI.jpg Graphic file (type jpg)

<use Images/ExludeAroundDamagedMonomers/BreakDamagedCrosslinks/testExpansion/me
annumberOfMonomersInROI.jpg>
Package pdftex.def Info: Images/ExludeAroundDamagedMonomers/BreakDamagedCrossli
nks/testExpansion/meannumberOfMonomersInROI.jpg used on input line 466.
(pdftex.def)             Requested size: 194.98825pt x 164.55254pt.

<Images/ExludeAroundDamagedMonomers/BreakDamagedCrosslinks/testExpansion/percen
tOfMonomersInROI.jpg, id=402, 1686.3pt x 926.46124pt>
File: Images/ExludeAroundDamagedMonomers/BreakDamagedCrosslinks/testExpansion/p
ercentOfMonomersInROI.jpg Graphic file (type jpg)

<use Images/ExludeAroundDamagedMonomers/BreakDamagedCrosslinks/testExpansion/pe
rcentOfMonomersInROI.jpg>
Package pdftex.def Info: Images/ExludeAroundDamagedMonomers/BreakDamagedCrossli
nks/testExpansion/percentOfMonomersInROI.jpg used on input line 467.
(pdftex.def)             Requested size: 194.98825pt x 164.5505pt.

Overfull \hbox (2.58759pt too wide) in paragraph at lines 466--468
[][] []
 []

[27pdfTeX warning (ext4): destination with the same identifier (name{figure.0.2
2}) has been already used, duplicate ignored

\AtBegShi@Output ...ipout \box \AtBeginShipoutBox 
                                                  \fi \fi 
l.471 	 A
         lthough the loss reached 30\%, we should not worry about this too m...
 <D:/Ofir/ENS/EpigenomeIntegrity/Documents/Report/Images/ExludeAroundDamagedMon
omers/BreakDamagedCrosslinks/testExpansion/meanRadiusOfExpansionDamagedMonomers
.jpg>]
Underfull \hbox (badness 10000) in paragraph at lines 473--475

 []

[28pdfTeX warning (ext4): destination with the same identifier (name{figure.0.2
3}) has been already used, duplicate ignored

\AtBegShi@Output ...ipout \box \AtBeginShipoutBox 
                                                  \fi \fi 
l.479 
       <D:/Ofir/ENS/EpigenomeIntegrity/Documents/Report/Images/ExludeAroundDama
gedMonomers/BreakDamagedCrosslinks/testExpansion/meannumberOfMonomersInROI.jpg>
 <D:/Ofir/ENS/EpigenomeIntegrity/Documents/Report/Images/ExludeAroundDamagedMon
omers/BreakDamagedCrosslinks/testExpansion/percentOfMonomersInROI.jpg>]
[29] [30] [31] [32]
<Images/SlidingModel/histoneSlidingSingle.jpg, id=446, 722.7pt x 542.025pt>
File: Images/SlidingModel/histoneSlidingSingle.jpg Graphic file (type jpg)

<use Images/SlidingModel/histoneSlidingSingle.jpg>
Package pdftex.def Info: Images/SlidingModel/histoneSlidingSingle.jpg used on i
nput line 552.
(pdftex.def)             Requested size: 272.99881pt x 204.74757pt.

<Images/SlidingModel/histoneSlidingMulti.jpg, id=447, 722.7pt x 542.025pt>
File: Images/SlidingModel/histoneSlidingMulti.jpg Graphic file (type jpg)

<use Images/SlidingModel/histoneSlidingMulti.jpg>
Package pdftex.def Info: Images/SlidingModel/histoneSlidingMulti.jpg used on in
put line 559.
(pdftex.def)             Requested size: 272.99881pt x 204.74757pt.
 [33pdfTeX warning (ext4): destination with the same identifier (name{figure.0.
24}) has been already used, duplicate ignored

\AtBegShi@Output ...ipout \box \AtBeginShipoutBox 
                                                  \fi \fi 
l.567 
       <D:/Ofir/ENS/EpigenomeIntegrity/Documents/Report/Images/SlidingModel/his
toneSlidingSingle.jpg>] [34pdfTeX warning (ext4): destination with the same ide
ntifier (name{figure.0.25}) has been already used, duplicate ignored

\AtBegShi@Output ...ipout \box \AtBeginShipoutBox 
                                                  \fi \fi 
l.567 
       <D:/Ofir/ENS/EpigenomeIntegrity/Documents/Report/Images/SlidingModel/his
toneSlidingMulti.jpg>] [35]
<Images/SlidingModel/slidingWithConformationalChanges.jpg, id=462, 722.7pt x 54
2.025pt>
File: Images/SlidingModel/slidingWithConformationalChanges.jpg Graphic file (ty
pe jpg)
 <use Images/SlidingModel/slidingWithConformationalChanges.jpg>
Package pdftex.def Info: Images/SlidingModel/slidingWithConformationalChanges.j
pg used on input line 597.
(pdftex.def)             Requested size: 194.99927pt x 219.39485pt.

[36pdfTeX warning (ext4): destination with the same identifier (name{figure.0.2
6}) has been already used, duplicate ignored

\AtBegShi@Output ...ipout \box \AtBeginShipoutBox 
                                                  \fi \fi 
l.611 \end{eqnarray}
                     <D:/Ofir/ENS/EpigenomeIntegrity/Documents/Report/Images/Sl
idingModel/slidingWithConformationalChanges.jpg>] [37]
<../../documents/report/Images/SlidingModel/relativeSlidingContribution.jpg, id
=482, 1607.00375pt x 787.94376pt>
File: ../../documents/report/Images/SlidingModel/relativeSlidingContribution.jp
g Graphic file (type jpg)

<use ../../documents/report/Images/SlidingModel/relativeSlidingContribution.jpg
>
Package pdftex.def Info: ../../documents/report/Images/SlidingModel/relativeSli
dingContribution.jpg used on input line 671.
(pdftex.def)             Requested size: 194.98996pt x 164.54729pt.
 [38] [39pdfTeX warning (ext4): destination with the same identifier (name{figu
re.0.27}) has been already used, duplicate ignored

\AtBegShi@Output ...ipout \box \AtBeginShipoutBox 
                                                  \fi \fi 
l.696 
       <D:/Ofir/ENS/EpigenomeIntegrity/documents/report/Images/SlidingModel/rel
ativeSlidingContribution.jpg>]
<Images/SlidingModel/2Darrangement.jpg, id=498, 722.7pt x 542.025pt>
File: Images/SlidingModel/2Darrangement.jpg Graphic file (type jpg)

<use Images/SlidingModel/2Darrangement.jpg>
Package pdftex.def Info: Images/SlidingModel/2Darrangement.jpg used on input li
ne 699.
(pdftex.def)             Requested size: 272.99678pt x 164.55234pt.
 [40pdfTeX warning (ext4): destination with the same identifier (name{figure.0.
28}) has been already used, duplicate ignored

\AtBegShi@Output ...ipout \box \AtBeginShipoutBox 
                                                  \fi \fi 
l.719  \end{equation*}
                       <D:/Ofir/ENS/EpigenomeIntegrity/Documents/Report/Images/
SlidingModel/2Darrangement.jpg>]
<Images/SlidingModel/radiusOfPushingVsLengthOfChromainInROI.jpg, id=506, 1686.3
pt x 939.51pt>
File: Images/SlidingModel/radiusOfPushingVsLengthOfChromainInROI.jpg Graphic fi
le (type jpg)

<use Images/SlidingModel/radiusOfPushingVsLengthOfChromainInROI.jpg>
Package pdftex.def Info: Images/SlidingModel/radiusOfPushingVsLengthOfChromainI
nROI.jpg used on input line 722.
(pdftex.def)             Requested size: 194.98825pt x 164.54573pt.

<Images/SlidingModel/radiusOfSlidingVsLengthOfChromatinInROI.jpg, id=507, 1686.
3pt x 939.51pt>
File: Images/SlidingModel/radiusOfSlidingVsLengthOfChromatinInROI.jpg Graphic f
ile (type jpg)

<use Images/SlidingModel/radiusOfSlidingVsLengthOfChromatinInROI.jpg>
Package pdftex.def Info: Images/SlidingModel/radiusOfSlidingVsLengthOfChromatin
InROI.jpg used on input line 723.
(pdftex.def)             Requested size: 194.98825pt x 164.54573pt.

Overfull \hbox (2.58759pt too wide) in paragraph at lines 722--724
[][] []
 []


<Images/patchExpansion/patchExpansionMeasurement.jpg, id=509, 1380.15625pt x 86
3.225pt>
File: Images/patchExpansion/patchExpansionMeasurement.jpg Graphic file (type jp
g)
 <use Images/patchExpansion/patchExpansionMeasurement.jpg>
Package pdftex.def Info: Images/patchExpansion/patchExpansionMeasurement.jpg us
ed on input line 735.
(pdftex.def)             Requested size: 194.98955pt x 164.54132pt.
 [41pdfTeX warning (ext4): destination with the same identifier (name{figure.0.
29}) has been already used, duplicate ignored

\AtBegShi@Output ...ipout \box \AtBeginShipoutBox 
                                                  \fi \fi 
l.738 \end{figure}
                   <D:/Ofir/ENS/EpigenomeIntegrity/Documents/Report/Images/Slid
ingModel/radiusOfPushingVsLengthOfChromainInROI.jpg> <D:/Ofir/ENS/EpigenomeInte
grity/Documents/Report/Images/SlidingModel/radiusOfSlidingVsLengthOfChromatinIn
ROI.jpg>]
<Images/patchExpansion/relativeGainNucleosomesConcentric.jpg, id=515, 1041.8925
pt x 626.34pt>
File: Images/patchExpansion/relativeGainNucleosomesConcentric.jpg Graphic file 
(type jpg)

<use Images/patchExpansion/relativeGainNucleosomesConcentric.jpg>
Package pdftex.def Info: Images/patchExpansion/relativeGainNucleosomesConcentri
c.jpg used on input line 745.
(pdftex.def)             Requested size: 194.98871pt x 164.54573pt.

<Images/patchExpansion/nucleosomeSignalGainConcentricFit.jpg, id=516, 1686.3pt 
x 896.34875pt>
File: Images/patchExpansion/nucleosomeSignalGainConcentricFit.jpg Graphic file 
(type jpg)

<use Images/patchExpansion/nucleosomeSignalGainConcentricFit.jpg>
Package pdftex.def Info: Images/patchExpansion/nucleosomeSignalGainConcentricFi
t.jpg used on input line 746.
(pdftex.def)             Requested size: 194.98825pt x 164.54994pt.

Overfull \hbox (2.58804pt too wide) in paragraph at lines 745--747
[][] []
 []

[42pdfTeX warning (ext4): destination with the same identifier (name{figure.0.3
0}) has been already used, duplicate ignored

\AtBegShi@Output ...ipout \box \AtBeginShipoutBox 
                                                  \fi \fi 
l.750 
       <D:/Ofir/ENS/EpigenomeIntegrity/Documents/Report/Images/patchExpansion/p
atchExpansionMeasurement.jpg>] [43pdfTeX warning (ext4): destination with the s
ame identifier (name{figure.0.31}) has been already used, duplicate ignored

\AtBegShi@Output ...ipout \box \AtBeginShipoutBox 
                                                  \fi \fi 
l.769 
       <D:/Ofir/ENS/EpigenomeIntegrity/Documents/Report/Images/patchExpansion/r
elativeGainNucleosomesConcentric.jpg> <D:/Ofir/ENS/EpigenomeIntegrity/Documents
/Report/Images/patchExpansion/nucleosomeSignalGainConcentricFit.jpg>] [44]
[45]
Overfull \hbox (27.6549pt too wide) detected at line 817
\OT1/cmr/m/n/12 (\OML/cmm/m/it/12 F\OT1/cmr/m/n/12 (\OML/cmm/m/it/12 r[]\OT1/cm
r/m/n/12 ) \OMS/cmsy/m/n/12   \OML/cmm/m/it/12 g\OT1/cmr/m/n/12 (\OML/cmm/m/it/
12 r[]\OT1/cmr/m/n/12 )\OML/cmm/m/it/12 F\OT1/cmr/m/n/12 (\OML/cmm/m/it/12 r[]\
OT1/cmr/m/n/12 ))(1 + \OML/cmm/m/it/12 g\OT1/cmr/m/n/12 (\OML/cmm/m/it/12 r[]\O
T1/cmr/m/n/12 )) = \OML/cmm/m/it/12 F\OT1/cmr/m/n/12 (\OML/cmm/m/it/12 r[]\OT1/
cmr/m/n/12 )(1 + \OML/cmm/m/it/12 y\OT1/cmr/m/n/12 (\OML/cmm/m/it/12 r[]\OT1/cm
r/m/n/12 )) \OMS/cmsy/m/n/12 ) \OT1/cmr/m/n/12 1 + \OML/cmm/m/it/12 g\OT1/cmr/m
/n/12 (\OML/cmm/m/it/12 r[]\OT1/cmr/m/n/12 ) = []
 []


<Images/patchExpansion/instantaneousLossGainFunction.jpg, id=539, 1686.3pt x 93
9.51pt>
File: Images/patchExpansion/instantaneousLossGainFunction.jpg Graphic file (typ
e jpg)
 <use Images/patchExpansion/instantaneousLossGainFunction.jpg>
Package pdftex.def Info: Images/patchExpansion/instantaneousLossGainFunction.jp
g used on input line 826.
(pdftex.def)             Requested size: 194.98825pt x 164.54573pt.

<Images/patchExpansion/KMEstimatorForSignalLoss.jpg, id=540, 1686.3pt x 939.51p
t>
File: Images/patchExpansion/KMEstimatorForSignalLoss.jpg Graphic file (type jpg
)
 <use Images/patchExpansion/KMEstimatorForSignalLoss.jpg>
Package pdftex.def Info: Images/patchExpansion/KMEstimatorForSignalLoss.jpg use
d on input line 827.
(pdftex.def)             Requested size: 194.98825pt x 164.54573pt.

Overfull \hbox (2.58759pt too wide) in paragraph at lines 826--828
[][] []
 []

[46pdfTeX warning (ext4): destination with the same identifier (name{figure.0.3
2}) has been already used, duplicate ignored

\AtBegShi@Output ...ipout \box \AtBeginShipoutBox 
                                                  \fi \fi 
l.840 \end{equation*}
                      <D:/Ofir/ENS/EpigenomeIntegrity/Documents/Report/Images/p
atchExpansion/instantaneousLossGainFunction.jpg> <D:/Ofir/ENS/EpigenomeIntegrit
y/Documents/Report/Images/patchExpansion/KMEstimatorForSignalLoss.jpg>]
Package atveryend Info: Empty hook `BeforeClearDocument' on input line 852.

[47]
Package atveryend Info: Empty hook `AfterLastShipout' on input line 852.

(D:\Ofir\ENS\EpigenomeIntegrity\Documents\Report\ChromatinArchitecturePostUVCDa
mage.aux)
Package atveryend Info: Executing hook `AtVeryEndDocument' on input line 852.
Package atveryend Info: Executing hook `AtEndAfterFileList' on input line 852.
Package rerunfilecheck Info: File `ChromatinArchitecturePostUVCDamage.out' has 
not changed.
(rerunfilecheck)             Checksum: 8D9CF5B949A4BE502FFB14459CEAFC2E;2610.
Package atveryend Info: Empty hook `AtVeryVeryEnd' on input line 852.
 ) 
Here is how much of TeX's memory you used:
 6488 strings out of 493921
 109571 string characters out of 3144880
 179203 words of memory out of 3000000
 9499 multiletter control sequences out of 15000+200000
 14313 words of font info for 55 fonts, out of 3000000 for 9000
 841 hyphenation exceptions out of 8191
 29i,11n,31p,1162b,410s stack positions out of 5000i,500n,10000p,200000b,50000s
<d:/Program Files (x86)/MiKTeX 2.9/fonts/type1/public/amsfonts/cm/cmbx12.pfb>
<d:/Program Files (x86)/MiKTeX 2.9/fonts/type1/public/amsfonts/cm/cmbx6.pfb><d:
/Program Files (x86)/MiKTeX 2.9/fonts/type1/public/amsfonts/cm/cmex10.pfb><d:/P
rogram Files (x86)/MiKTeX 2.9/fonts/type1/public/amsfonts/cm/cmmi10.pfb><d:/Pro
gram Files (x86)/MiKTeX 2.9/fonts/type1/public/amsfonts/cm/cmmi12.pfb><d:/Progr
am Files (x86)/MiKTeX 2.9/fonts/type1/public/amsfonts/cm/cmmi5.pfb><d:/Program 
Files (x86)/MiKTeX 2.9/fonts/type1/public/amsfonts/cm/cmmi6.pfb><d:/Program Fil
es (x86)/MiKTeX 2.9/fonts/type1/public/amsfonts/cm/cmmi8.pfb><d:/Program Files 
(x86)/MiKTeX 2.9/fonts/type1/public/amsfonts/cm/cmr10.pfb><d:/Program Files (x8
6)/MiKTeX 2.9/fonts/type1/public/amsfonts/cm/cmr12.pfb><d:/Program Files (x86)/
MiKTeX 2.9/fonts/type1/public/amsfonts/cm/cmr17.pfb><d:/Program Files (x86)/MiK
TeX 2.9/fonts/type1/public/amsfonts/cm/cmr6.pfb><d:/Program Files (x86)/MiKTeX 
2.9/fonts/type1/public/amsfonts/cm/cmr8.pfb><d:/Program Files (x86)/MiKTeX 2.9/
fonts/type1/public/amsfonts/cm/cmsy10.pfb><d:/Program Files (x86)/MiKTeX 2.9/fo
nts/type1/public/amsfonts/cm/cmsy6.pfb><d:/Program Files (x86)/MiKTeX 2.9/fonts
/type1/public/amsfonts/cm/cmsy8.pfb><d:/Program Files (x86)/MiKTeX 2.9/fonts/ty
pe1/public/amsfonts/cm/cmti12.pfb>
Output written on ChromatinArchitecturePostUVCDamage.pdf (48 pages, 5660152 byt
es).
PDF statistics:
 644 PDF objects out of 1000 (max. 8388607)
 178 named destinations out of 1000 (max. 500000)
 532 words of extra memory for PDF output out of 10000 (max. 10000000)

