\BOOKMARK [1][-]{section.0.1}{Experimental Settings and Main Findings}{}% 1
\BOOKMARK [1][-]{section.0.2}{Model and Parameter Estimation}{}% 2
\BOOKMARK [2][-]{subsection.0.2.1}{Simulation outline and definitions}{section.0.2}% 3
\BOOKMARK [2][-]{subsection.0.2.2}{Nucleus Size}{section.0.2}% 4
\BOOKMARK [2][-]{subsection.0.2.3}{The Simulation Domain}{section.0.2}% 5
\BOOKMARK [2][-]{subsection.0.2.4}{The chromatin [to be corrected]}{section.0.2}% 6
\BOOKMARK [2][-]{subsection.0.2.5}{The UV beam}{section.0.2}% 7
\BOOKMARK [2][-]{subsection.0.2.6}{UVC effect on monomers}{section.0.2}% 8
\BOOKMARK [2][-]{subsection.0.2.7}{The region of interest \(ROI\)}{section.0.2}% 9
\BOOKMARK [2][-]{subsection.0.2.8}{DNA density}{section.0.2}% 10
\BOOKMARK [2][-]{subsection.0.2.9}{Histone Density}{section.0.2}% 11
\BOOKMARK [2][-]{subsection.0.2.10}{Model Parameters}{section.0.2}% 12
\BOOKMARK [2][-]{subsection.0.2.11}{The minimal distance between monomers -l0}{section.0.2}% 13
\BOOKMARK [2][-]{subsection.0.2.12}{The ROI}{section.0.2}% 14
\BOOKMARK [1][-]{section.0.3}{Simulations}{}% 15
\BOOKMARK [2][-]{subsection.0.3.1}{Simulation procedure}{section.0.3}% 16
\BOOKMARK [1][-]{section.0.4}{2D simulations of DNA loss}{}% 17
\BOOKMARK [2][-]{subsection.0.4.1}{Adding Lennard-Jones force}{section.0.4}% 18
\BOOKMARK [2][-]{subsection.0.4.2}{Cross-linking the polymer}{section.0.4}% 19
\BOOKMARK [2][-]{subsection.0.4.3}{Assigning bending to damaged monomers}{section.0.4}% 20
\BOOKMARK [2][-]{subsection.0.4.4}{Assign bending to non-damaged monomers}{section.0.4}% 21
\BOOKMARK [2][-]{subsection.0.4.5}{Assign bending to non-damaged monomers in the UVC beam}{section.0.4}% 22
\BOOKMARK [2][-]{subsection.0.4.6}{Region of exclusion around damaged monomers}{section.0.4}% 23
\BOOKMARK [2][-]{subsection.0.4.7}{Summary of Damage Stage}{section.0.4}% 24
\BOOKMARK [1][-]{section.0.5}{DNA repair}{}% 25
